Using pre-set license
Built from '2020.2/release' branch; Version is '2020.2.2f1 (068178b99f32) revision 426360'; Using compiler version '192528614'; Build Type 'Release'
OS: 'Windows 10 Pro; OS build 19042.985; Version 2009; 64bit' Language: 'ko' Physical Memory: 16328 MB
BatchMode: 1, IsHumanControllingUs: 0, StartBugReporterOnCrash: 0, Is64bit: 1, IsPro: 0

 COMMAND LINE ARGUMENTS:
C:\Program Files\Unity\Hub\Editor\2020.2.2f1\Editor\Unity.exe
-adb2
-batchMode
-noUpm
-name
AssetImportWorker0
-projectPath
C:/Users/user/Documents/classgit-FreeD0mD1ve
-logFile
Logs/AssetImportWorker0.log
-srvPort
59498
Successfully changed project path to: C:/Users/user/Documents/classgit-FreeD0mD1ve
C:/Users/user/Documents/classgit-FreeD0mD1ve
Using Asset Import Pipeline V2.
Refreshing native plugins compatible for Editor in 37.39 ms, found 2 plugins.
Preloading 0 native plugins for Editor in 0.00 ms.
Initialize engine version: 2020.2.2f1 (068178b99f32)
[Subsystems] Discovering subsystems at path C:/Program Files/Unity/Hub/Editor/2020.2.2f1/Editor/Data/Resources/UnitySubsystems
[Subsystems] Discovering subsystems at path C:/Users/user/Documents/classgit-FreeD0mD1ve/Assets
GfxDevice: creating device client; threaded=0
Direct3D:
    Version:  Direct3D 11.0 [level 11.1]
    Renderer: NVIDIA GeForce RTX 2060 (ID=0x1e89)
    Vendor:   
    VRAM:     5967 MB
    Driver:   27.21.14.5751
Initialize mono
Mono path[0] = 'C:/Program Files/Unity/Hub/Editor/2020.2.2f1/Editor/Data/Managed'
Mono path[1] = 'C:/Program Files/Unity/Hub/Editor/2020.2.2f1/Editor/Data/MonoBleedingEdge/lib/mono/unityjit'
Mono config path = 'C:/Program Files/Unity/Hub/Editor/2020.2.2f1/Editor/Data/MonoBleedingEdge/etc'
Using monoOptions --debugger-agent=transport=dt_socket,embedding=1,server=y,suspend=n,address=127.0.0.1:56664
Begin MonoManager ReloadAssembly
Registering precompiled unity dll's ...
Register platform support module: C:/Program Files/Unity/Hub/Editor/2020.2.2f1/Editor/Data/PlaybackEngines/WindowsStandaloneSupport/UnityEditor.WindowsStandalone.Extensions.dll
Registered in 0.001644 seconds.
Native extension for WindowsStandalone target not found
Refreshing native plugins compatible for Editor in 34.52 ms, found 2 plugins.
Preloading 0 native plugins for Editor in 0.00 ms.
Invoked RoslynAnalysisRunner static constructor.
RoslynAnalysisRunner will not be running.
RoslynAnalysisRunner has terminated.
Mono: successfully reloaded assembly
- Completed reload, in  1.738 seconds
Platform modules already initialized, skipping
Registering precompiled user dll's ...
Registered in 0.010764 seconds.
Begin MonoManager ReloadAssembly
Native extension for WindowsStandalone target not found
Refreshing native plugins compatible for Editor in 33.58 ms, found 2 plugins.
Preloading 0 native plugins for Editor in 0.00 ms.
Invoked RoslynAnalysisRunner static constructor.
RoslynAnalysisRunner will not be running.
RoslynAnalysisRunner has terminated.
Mono: successfully reloaded assembly
- Completed reload, in  0.833 seconds
Platform modules already initialized, skipping
========================================================================
Worker process is ready to serve import requests
Launched and connected shader compiler UnityShaderCompiler.exe after 0.04 seconds
Refreshing native plugins compatible for Editor in 0.67 ms, found 2 plugins.
Preloading 0 native plugins for Editor in 0.00 ms.
Unloading 1792 Unused Serialized files (Serialized files now loaded: 0)
System memory in use before: 87.5 MB.
System memory in use after: 87.6 MB.

Unloading 35 unused Assets to reduce memory usage. Loaded Objects now: 2309.
Total: 41.044600 ms (FindLiveObjects: 0.703000 ms CreateObjectMapping: 0.078200 ms MarkObjects: 40.165600 ms  DeleteObjects: 0.095900 ms)

========================================================================
Received Import Request.
  path: Assets/Scenes/Stage 1.unity
  artifactKey: Guid(2cda990e2423bbf4892e6590ba056729) Importer(815301076,1909f56bfc062723c751e8b465ee728b)
Start importing Assets/Scenes/Stage 1.unity using Guid(2cda990e2423bbf4892e6590ba056729) Importer(815301076,1909f56bfc062723c751e8b465ee728b)  -> (artifact id: 'ed0ede3d7c760b81993988b78d092b8b') in 0.018081 seconds
  Import took 0.022006 seconds .

========================================================================
Received Import Request.
  Time since last request: 13.374724 seconds.
  path: Assets/Scenes/Level1.unity
  artifactKey: Guid(2cda990e2423bbf4892e6590ba056729) Importer(815301076,1909f56bfc062723c751e8b465ee728b)
Start importing Assets/Scenes/Level1.unity using Guid(2cda990e2423bbf4892e6590ba056729) Importer(815301076,1909f56bfc062723c751e8b465ee728b)  -> (artifact id: 'd21bbdf7dbe5d28fe21b1bcdc3d75cbd') in 0.006613 seconds
  Import took 0.009644 seconds .

========================================================================
Received Import Request.
  Time since last request: 6.575028 seconds.
  path: Assets/Scenes/Level2.unity
  artifactKey: Guid(cb598f17bdc5a724da1c111ae2f96fe9) Importer(815301076,1909f56bfc062723c751e8b465ee728b)
Start importing Assets/Scenes/Level2.unity using Guid(cb598f17bdc5a724da1c111ae2f96fe9) Importer(815301076,1909f56bfc062723c751e8b465ee728b)  -> (artifact id: 'c41d42185b86c368a3b9321f63171830') in 0.014789 seconds
  Import took 0.020278 seconds .

========================================================================
Received Import Request.
  Time since last request: 20.049724 seconds.
  path: Assets/Scenes/SampleSceneSettings.lighting
  artifactKey: Guid(9632f74cc4d7fa0499bc2995b9709a84) Importer(815301076,1909f56bfc062723c751e8b465ee728b)
Start importing Assets/Scenes/SampleSceneSettings.lighting using Guid(9632f74cc4d7fa0499bc2995b9709a84) Importer(815301076,1909f56bfc062723c751e8b465ee728b) LightingSettings: switching bake backend from 1 to 0.
 -> (artifact id: 'c9e726ad50715678e3dd4ae64d1ae772') in 0.020667 seconds
  Import took 0.023814 seconds .

========================================================================
Received Import Request.
  Time since last request: 0.004802 seconds.
  path: Assets/Scenes/SampleSceneSettings.lighting
  artifactKey: Guid(9632f74cc4d7fa0499bc2995b9709a84) Importer(815301076,1909f56bfc062723c751e8b465ee728b)
Start importing Assets/Scenes/SampleSceneSettings.lighting using Guid(9632f74cc4d7fa0499bc2995b9709a84) Importer(815301076,1909f56bfc062723c751e8b465ee728b) LightingSettings: switching bake backend from 1 to 0.
 -> (artifact id: 'c9e726ad50715678e3dd4ae64d1ae772') in 0.002643 seconds
  Import took 0.005378 seconds .

========================================================================
Received Import Request.
  Time since last request: 165.963879 seconds.
  path: Assets/Scenes/SampleScene.unity
  artifactKey: Guid(2cda990e2423bbf4892e6590ba056729) Importer(815301076,1909f56bfc062723c751e8b465ee728b)
Start importing Assets/Scenes/SampleScene.unity using Guid(2cda990e2423bbf4892e6590ba056729) Importer(815301076,1909f56bfc062723c751e8b465ee728b)  -> (artifact id: '5a60cf6572f2d37c6206fac33fed8ede') in 0.007088 seconds
  Import took 0.010201 seconds .

========================================================================
Received Import Request.
  Time since last request: 12.172676 seconds.
  path: Assets/Scenes/Level1.unity
  artifactKey: Guid(df08169677267f1498e7405ecfda6eb7) Importer(815301076,1909f56bfc062723c751e8b465ee728b)
Start importing Assets/Scenes/Level1.unity using Guid(df08169677267f1498e7405ecfda6eb7) Importer(815301076,1909f56bfc062723c751e8b465ee728b)  -> (artifact id: '14762dd6debf00e03e59a68123400087') in 0.002329 seconds
  Import took 0.005068 seconds .

========================================================================
Received Prepare
Registering precompiled user dll's ...
Registered in 0.006433 seconds.
Begin MonoManager ReloadAssembly
Native extension for WindowsStandalone target not found
Refreshing native plugins compatible for Editor in 0.48 ms, found 2 plugins.
Preloading 0 native plugins for Editor in 0.00 ms.
Invoked RoslynAnalysisRunner static constructor.
RoslynAnalysisRunner will not be running.
RoslynAnalysisRunner has terminated.
Mono: successfully reloaded assembly
- Completed reload, in  0.800 seconds
Platform modules already initialized, skipping
Refreshing native plugins compatible for Editor in 0.50 ms, found 2 plugins.
Preloading 0 native plugins for Editor in 0.00 ms.
Unloading 1783 Unused Serialized files (Serialized files now loaded: 0)
System memory in use before: 87.3 MB.
System memory in use after: 87.4 MB.

Unloading 24 unused Assets to reduce memory usage. Loaded Objects now: 2311.
Total: 1.768100 ms (FindLiveObjects: 0.231500 ms CreateObjectMapping: 0.042400 ms MarkObjects: 1.476100 ms  DeleteObjects: 0.016900 ms)

========================================================================
Received Prepare
Registering precompiled user dll's ...
Registered in 0.006353 seconds.
Begin MonoManager ReloadAssembly
Native extension for WindowsStandalone target not found
Refreshing native plugins compatible for Editor in 0.52 ms, found 2 plugins.
Preloading 0 native plugins for Editor in 0.00 ms.
Invoked RoslynAnalysisRunner static constructor.
RoslynAnalysisRunner will not be running.
RoslynAnalysisRunner has terminated.
Mono: successfully reloaded assembly
- Completed reload, in  0.856 seconds
Platform modules already initialized, skipping
Refreshing native plugins compatible for Editor in 0.52 ms, found 2 plugins.
Preloading 0 native plugins for Editor in 0.00 ms.
Unloading 1783 Unused Serialized files (Serialized files now loaded: 0)
System memory in use before: 87.5 MB.
System memory in use after: 87.6 MB.

Unloading 24 unused Assets to reduce memory usage. Loaded Objects now: 2313.
Total: 1.913500 ms (FindLiveObjects: 0.319000 ms CreateObjectMapping: 0.044100 ms MarkObjects: 1.532400 ms  DeleteObjects: 0.017300 ms)

========================================================================
Received Prepare
Registering precompiled user dll's ...
Registered in 0.006245 seconds.
Begin MonoManager ReloadAssembly
Native extension for WindowsStandalone target not found
Refreshing native plugins compatible for Editor in 0.47 ms, found 2 plugins.
Preloading 0 native plugins for Editor in 0.00 ms.
Invoked RoslynAnalysisRunner static constructor.
RoslynAnalysisRunner will not be running.
RoslynAnalysisRunner has terminated.
Mono: successfully reloaded assembly
- Completed reload, in  0.765 seconds
Platform modules already initialized, skipping
Refreshing native plugins compatible for Editor in 0.47 ms, found 2 plugins.
Preloading 0 native plugins for Editor in 0.00 ms.
Unloading 1783 Unused Serialized files (Serialized files now loaded: 0)
System memory in use before: 87.6 MB.
System memory in use after: 87.7 MB.

Unloading 24 unused Assets to reduce memory usage. Loaded Objects now: 2315.
Total: 1.741800 ms (FindLiveObjects: 0.186800 ms CreateObjectMapping: 0.050700 ms MarkObjects: 1.487200 ms  DeleteObjects: 0.016100 ms)

========================================================================
Received Prepare
Registering precompiled user dll's ...
Registered in 0.006298 seconds.
Begin MonoManager ReloadAssembly
Native extension for WindowsStandalone target not found
Refreshing native plugins compatible for Editor in 0.48 ms, found 2 plugins.
Preloading 0 native plugins for Editor in 0.00 ms.
Invoked RoslynAnalysisRunner static constructor.
RoslynAnalysisRunner will not be running.
RoslynAnalysisRunner has terminated.
Mono: successfully reloaded assembly
- Completed reload, in  0.767 seconds
Platform modules already initialized, skipping
Refreshing native plugins compatible for Editor in 0.68 ms, found 2 plugins.
Preloading 0 native plugins for Editor in 0.00 ms.
Unloading 1783 Unused Serialized files (Serialized files now loaded: 0)
System memory in use before: 87.7 MB.
System memory in use after: 87.8 MB.

Unloading 24 unused Assets to reduce memory usage. Loaded Objects now: 2317.
Total: 2.428200 ms (FindLiveObjects: 0.509300 ms CreateObjectMapping: 0.070200 ms MarkObjects: 1.824700 ms  DeleteObjects: 0.021700 ms)

========================================================================
Received Import Request.
  Time since last request: 1588.184290 seconds.
  path: Assets/Scenes/Level1.unity
  artifactKey: Guid(df08169677267f1498e7405ecfda6eb7) Importer(815301076,1909f56bfc062723c751e8b465ee728b)
Start importing Assets/Scenes/Level1.unity using Guid(df08169677267f1498e7405ecfda6eb7) Importer(815301076,1909f56bfc062723c751e8b465ee728b)  -> (artifact id: 'a5dc386c831d48b870e70fe2cd1b40e2') in 0.011251 seconds
  Import took 0.014130 seconds .

========================================================================
Received Import Request.
  Time since last request: 0.415332 seconds.
  path: Assets/Scenes/Level2.unity
  artifactKey: Guid(cb598f17bdc5a724da1c111ae2f96fe9) Importer(815301076,1909f56bfc062723c751e8b465ee728b)
Start importing Assets/Scenes/Level2.unity using Guid(cb598f17bdc5a724da1c111ae2f96fe9) Importer(815301076,1909f56bfc062723c751e8b465ee728b)  -> (artifact id: '9fe03cf7e2d6afa65106126ccc4e65d6') in 0.002237 seconds
  Import took 0.004848 seconds .

========================================================================
Received Prepare
Registering precompiled user dll's ...
Registered in 0.006366 seconds.
Begin MonoManager ReloadAssembly
Native extension for WindowsStandalone target not found
Refreshing native plugins compatible for Editor in 0.47 ms, found 2 plugins.
Preloading 0 native plugins for Editor in 0.00 ms.
Invoked RoslynAnalysisRunner static constructor.
RoslynAnalysisRunner will not be running.
RoslynAnalysisRunner has terminated.
Mono: successfully reloaded assembly
- Completed reload, in  0.776 seconds
Platform modules already initialized, skipping
Refreshing native plugins compatible for Editor in 0.49 ms, found 2 plugins.
Preloading 0 native plugins for Editor in 0.00 ms.
Unloading 1783 Unused Serialized files (Serialized files now loaded: 0)
System memory in use before: 87.8 MB.
System memory in use after: 87.9 MB.

Unloading 24 unused Assets to reduce memory usage. Loaded Objects now: 2319.
Total: 2.050800 ms (FindLiveObjects: 0.321500 ms CreateObjectMapping: 0.062900 ms MarkObjects: 1.644100 ms  DeleteObjects: 0.020900 ms)

========================================================================
Received Import Request.
  Time since last request: 58.956997 seconds.
  path: Assets/Scenes/Level2.unity
  artifactKey: Guid(cb598f17bdc5a724da1c111ae2f96fe9) Importer(815301076,1909f56bfc062723c751e8b465ee728b)
Start importing Assets/Scenes/Level2.unity using Guid(cb598f17bdc5a724da1c111ae2f96fe9) Importer(815301076,1909f56bfc062723c751e8b465ee728b)  -> (artifact id: 'de117a07661334cedb7eff3f11325c4f') in 0.011550 seconds
  Import took 0.015027 seconds .

========================================================================
Received Import Request.
  Time since last request: 23.732557 seconds.
  path: Assets/Scenes/Level2.unity
  artifactKey: Guid(cb598f17bdc5a724da1c111ae2f96fe9) Importer(815301076,1909f56bfc062723c751e8b465ee728b)
Start importing Assets/Scenes/Level2.unity using Guid(cb598f17bdc5a724da1c111ae2f96fe9) Importer(815301076,1909f56bfc062723c751e8b465ee728b)  -> (artifact id: 'bee4b005c0e74860aa4a6989c0302768') in 0.002634 seconds
  Import took 0.005640 seconds .

========================================================================
Received Prepare
Registering precompiled user dll's ...
Registered in 0.005672 seconds.
Begin MonoManager ReloadAssembly
Native extension for WindowsStandalone target not found
Refreshing native plugins compatible for Editor in 0.49 ms, found 2 plugins.
Preloading 0 native plugins for Editor in 0.00 ms.
Invoked RoslynAnalysisRunner static constructor.
RoslynAnalysisRunner will not be running.
RoslynAnalysisRunner has terminated.
Mono: successfully reloaded assembly
- Completed reload, in  0.754 seconds
Platform modules already initialized, skipping
Refreshing native plugins compatible for Editor in 0.47 ms, found 2 plugins.
Preloading 0 native plugins for Editor in 0.00 ms.
Unloading 1783 Unused Serialized files (Serialized files now loaded: 0)
System memory in use before: 87.9 MB.
System memory in use after: 88.0 MB.

Unloading 24 unused Assets to reduce memory usage. Loaded Objects now: 2321.
Total: 1.927300 ms (FindLiveObjects: 0.264100 ms CreateObjectMapping: 0.049900 ms MarkObjects: 1.591300 ms  DeleteObjects: 0.020800 ms)

========================================================================
Received Prepare
Registering precompiled user dll's ...
Registered in 0.005829 seconds.
Begin MonoManager ReloadAssembly
Native extension for WindowsStandalone target not found
Refreshing native plugins compatible for Editor in 0.47 ms, found 2 plugins.
Preloading 0 native plugins for Editor in 0.00 ms.
Invoked RoslynAnalysisRunner static constructor.
RoslynAnalysisRunner will not be running.
RoslynAnalysisRunner has terminated.
Mono: successfully reloaded assembly
- Completed reload, in  0.750 seconds
Platform modules already initialized, skipping
Refreshing native plugins compatible for Editor in 0.46 ms, found 2 plugins.
Preloading 0 native plugins for Editor in 0.00 ms.
Unloading 1783 Unused Serialized files (Serialized files now loaded: 0)
System memory in use before: 88.0 MB.
System memory in use after: 88.1 MB.

Unloading 24 unused Assets to reduce memory usage. Loaded Objects now: 2323.
Total: 1.935700 ms (FindLiveObjects: 0.272800 ms CreateObjectMapping: 0.044200 ms MarkObjects: 1.599400 ms  DeleteObjects: 0.017600 ms)

========================================================================
Received Prepare
Registering precompiled user dll's ...
Registered in 0.006523 seconds.
Begin MonoManager ReloadAssembly
Native extension for WindowsStandalone target not found
Refreshing native plugins compatible for Editor in 0.52 ms, found 2 plugins.
Preloading 0 native plugins for Editor in 0.00 ms.
Invoked RoslynAnalysisRunner static constructor.
RoslynAnalysisRunner will not be running.
RoslynAnalysisRunner has terminated.
Mono: successfully reloaded assembly
- Completed reload, in  0.784 seconds
Platform modules already initialized, skipping
Refreshing native plugins compatible for Editor in 0.54 ms, found 2 plugins.
Preloading 0 native plugins for Editor in 0.00 ms.
Unloading 1783 Unused Serialized files (Serialized files now loaded: 0)
System memory in use before: 88.1 MB.
System memory in use after: 88.2 MB.

Unloading 24 unused Assets to reduce memory usage. Loaded Objects now: 2325.
Total: 2.655000 ms (FindLiveObjects: 0.372600 ms CreateObjectMapping: 0.060800 ms MarkObjects: 2.192600 ms  DeleteObjects: 0.027800 ms)

========================================================================
Received Prepare
Registering precompiled user dll's ...
Registered in 0.005928 seconds.
Begin MonoManager ReloadAssembly
Native extension for WindowsStandalone target not found
Refreshing native plugins compatible for Editor in 0.53 ms, found 2 plugins.
Preloading 0 native plugins for Editor in 0.00 ms.
Invoked RoslynAnalysisRunner static constructor.
RoslynAnalysisRunner will not be running.
RoslynAnalysisRunner has terminated.
Mono: successfully reloaded assembly
- Completed reload, in  0.851 seconds
Platform modules already initialized, skipping
Refreshing native plugins compatible for Editor in 0.57 ms, found 2 plugins.
Preloading 0 native plugins for Editor in 0.00 ms.
Unloading 1783 Unused Serialized files (Serialized files now loaded: 0)
System memory in use before: 88.2 MB.
System memory in use after: 88.3 MB.

Unloading 24 unused Assets to reduce memory usage. Loaded Objects now: 2327.
Total: 2.149600 ms (FindLiveObjects: 0.369400 ms CreateObjectMapping: 0.066200 ms MarkObjects: 1.694400 ms  DeleteObjects: 0.017600 ms)

========================================================================
Received Prepare
Registering precompiled user dll's ...
Registered in 0.006083 seconds.
Begin MonoManager ReloadAssembly
Native extension for WindowsStandalone target not found
Refreshing native plugins compatible for Editor in 0.50 ms, found 2 plugins.
Preloading 0 native plugins for Editor in 0.00 ms.
Invoked RoslynAnalysisRunner static constructor.
RoslynAnalysisRunner will not be running.
RoslynAnalysisRunner has terminated.
Mono: successfully reloaded assembly
- Completed reload, in  0.766 seconds
Platform modules already initialized, skipping
Refreshing native plugins compatible for Editor in 0.48 ms, found 2 plugins.
Preloading 0 native plugins for Editor in 0.00 ms.
Unloading 1783 Unused Serialized files (Serialized files now loaded: 0)
System memory in use before: 88.3 MB.
System memory in use after: 88.4 MB.

Unloading 24 unused Assets to reduce memory usage. Loaded Objects now: 2329.
Total: 1.792000 ms (FindLiveObjects: 0.210700 ms CreateObjectMapping: 0.048500 ms MarkObjects: 1.516200 ms  DeleteObjects: 0.015700 ms)

========================================================================
Received Prepare
Registering precompiled user dll's ...
Registered in 0.006098 seconds.
Begin MonoManager ReloadAssembly
Native extension for WindowsStandalone target not found
Refreshing native plugins compatible for Editor in 0.49 ms, found 2 plugins.
Preloading 0 native plugins for Editor in 0.00 ms.
Invoked RoslynAnalysisRunner static constructor.
RoslynAnalysisRunner will not be running.
RoslynAnalysisRunner has terminated.
Mono: successfully reloaded assembly
- Completed reload, in  0.781 seconds
Platform modules already initialized, skipping
Refreshing native plugins compatible for Editor in 0.47 ms, found 2 plugins.
Preloading 0 native plugins for Editor in 0.00 ms.
Unloading 1783 Unused Serialized files (Serialized files now loaded: 0)
System memory in use before: 88.4 MB.
System memory in use after: 88.5 MB.

Unloading 24 unused Assets to reduce memory usage. Loaded Objects now: 2331.
Total: 3.004800 ms (FindLiveObjects: 0.281800 ms CreateObjectMapping: 0.077100 ms MarkObjects: 2.614200 ms  DeleteObjects: 0.030100 ms)

========================================================================
Received Import Request.
  Time since last request: 186.577646 seconds.
  path: Assets/Script/Pad.cs
  artifactKey: Guid(c233dfe0928ed854f92ef297e5e0c98a) Importer(815301076,1909f56bfc062723c751e8b465ee728b)
Start importing Assets/Script/Pad.cs using Guid(c233dfe0928ed854f92ef297e5e0c98a) Importer(815301076,1909f56bfc062723c751e8b465ee728b)  -> (artifact id: 'e157be5b909c7f20caf9432e24c63759') in 0.012080 seconds
  Import took 0.015227 seconds .

========================================================================
Received Import Request.
  Time since last request: 0.000619 seconds.
  path: Assets/Script/Pad.cs
  artifactKey: Guid(c233dfe0928ed854f92ef297e5e0c98a) Importer(815301076,1909f56bfc062723c751e8b465ee728b)
Start importing Assets/Script/Pad.cs using Guid(c233dfe0928ed854f92ef297e5e0c98a) Importer(815301076,1909f56bfc062723c751e8b465ee728b)  -> (artifact id: 'e157be5b909c7f20caf9432e24c63759') in 0.002051 seconds
  Import took 0.004395 seconds .

========================================================================
Received Prepare
Registering precompiled user dll's ...
Registered in 0.005695 seconds.
Begin MonoManager ReloadAssembly
Native extension for WindowsStandalone target not found
Refreshing native plugins compatible for Editor in 0.49 ms, found 2 plugins.
Preloading 0 native plugins for Editor in 0.00 ms.
Invoked RoslynAnalysisRunner static constructor.
RoslynAnalysisRunner will not be running.
RoslynAnalysisRunner has terminated.
Mono: successfully reloaded assembly
- Completed reload, in  0.802 seconds
Platform modules already initialized, skipping
Refreshing native plugins compatible for Editor in 0.49 ms, found 2 plugins.
Preloading 0 native plugins for Editor in 0.00 ms.
Unloading 1782 Unused Serialized files (Serialized files now loaded: 0)
System memory in use before: 88.5 MB.
System memory in use after: 88.6 MB.

Unloading 24 unused Assets to reduce memory usage. Loaded Objects now: 2333.
Total: 1.766900 ms (FindLiveObjects: 0.214900 ms CreateObjectMapping: 0.051000 ms MarkObjects: 1.483600 ms  DeleteObjects: 0.016300 ms)

========================================================================
Received Import Request.
  Time since last request: 11.922345 seconds.
  path: Assets/Script/Pad.cs
  artifactKey: Guid(c233dfe0928ed854f92ef297e5e0c98a) Importer(815301076,1909f56bfc062723c751e8b465ee728b)
Start importing Assets/Script/Pad.cs using Guid(c233dfe0928ed854f92ef297e5e0c98a) Importer(815301076,1909f56bfc062723c751e8b465ee728b)  -> (artifact id: 'dd37918410ad6b4fa4357dc0164e479a') in 0.004690 seconds
  Import took 0.008038 seconds .

========================================================================
Received Prepare
Registering precompiled user dll's ...
Registered in 0.005862 seconds.
Begin MonoManager ReloadAssembly
Native extension for WindowsStandalone target not found
Refreshing native plugins compatible for Editor in 0.53 ms, found 2 plugins.
Preloading 0 native plugins for Editor in 0.00 ms.
Invoked RoslynAnalysisRunner static constructor.
RoslynAnalysisRunner will not be running.
RoslynAnalysisRunner has terminated.
Mono: successfully reloaded assembly
- Completed reload, in  0.789 seconds
Platform modules already initialized, skipping
Refreshing native plugins compatible for Editor in 0.50 ms, found 2 plugins.
Preloading 0 native plugins for Editor in 0.00 ms.
Unloading 1783 Unused Serialized files (Serialized files now loaded: 0)
System memory in use before: 88.6 MB.
System memory in use after: 88.7 MB.

Unloading 24 unused Assets to reduce memory usage. Loaded Objects now: 2335.
Total: 2.984900 ms (FindLiveObjects: 0.321300 ms CreateObjectMapping: 0.077600 ms MarkObjects: 2.558500 ms  DeleteObjects: 0.025700 ms)

========================================================================
Received Prepare
Registering precompiled user dll's ...
Registered in 0.005881 seconds.
Begin MonoManager ReloadAssembly
Native extension for WindowsStandalone target not found
Refreshing native plugins compatible for Editor in 0.51 ms, found 2 plugins.
Preloading 0 native plugins for Editor in 0.00 ms.
Invoked RoslynAnalysisRunner static constructor.
RoslynAnalysisRunner will not be running.
RoslynAnalysisRunner has terminated.
Mono: successfully reloaded assembly
- Completed reload, in  0.875 seconds
Platform modules already initialized, skipping
Refreshing native plugins compatible for Editor in 0.52 ms, found 2 plugins.
Preloading 0 native plugins for Editor in 0.00 ms.
Unloading 1783 Unused Serialized files (Serialized files now loaded: 0)
System memory in use before: 88.7 MB.
System memory in use after: 88.8 MB.

Unloading 24 unused Assets to reduce memory usage. Loaded Objects now: 2337.
Total: 1.992000 ms (FindLiveObjects: 0.298800 ms CreateObjectMapping: 0.043800 ms MarkObjects: 1.628600 ms  DeleteObjects: 0.019700 ms)

========================================================================
Received Import Request.
  Time since last request: 19.381648 seconds.
  path: Assets/Script/Pad.cs
  artifactKey: Guid(c233dfe0928ed854f92ef297e5e0c98a) Importer(815301076,1909f56bfc062723c751e8b465ee728b)
Start importing Assets/Script/Pad.cs using Guid(c233dfe0928ed854f92ef297e5e0c98a) Importer(815301076,1909f56bfc062723c751e8b465ee728b)  -> (artifact id: '0c4853ae13c0b8569ab4a2e294b9605b') in 0.005504 seconds
  Import took 0.008338 seconds .

========================================================================
Received Prepare
Registering precompiled user dll's ...
Registered in 0.005856 seconds.
Begin MonoManager ReloadAssembly
Native extension for WindowsStandalone target not found
Refreshing native plugins compatible for Editor in 0.65 ms, found 2 plugins.
Preloading 0 native plugins for Editor in 0.00 ms.
Invoked RoslynAnalysisRunner static constructor.
RoslynAnalysisRunner will not be running.
RoslynAnalysisRunner has terminated.
Mono: successfully reloaded assembly
- Completed reload, in  0.775 seconds
Platform modules already initialized, skipping
Refreshing native plugins compatible for Editor in 0.50 ms, found 2 plugins.
Preloading 0 native plugins for Editor in 0.00 ms.
Unloading 1783 Unused Serialized files (Serialized files now loaded: 0)
System memory in use before: 88.8 MB.
System memory in use after: 88.9 MB.

Unloading 24 unused Assets to reduce memory usage. Loaded Objects now: 2339.
Total: 2.986800 ms (FindLiveObjects: 0.277700 ms CreateObjectMapping: 0.071300 ms MarkObjects: 2.605200 ms  DeleteObjects: 0.031200 ms)

========================================================================
Received Prepare
Registering precompiled user dll's ...
Registered in 0.006221 seconds.
Begin MonoManager ReloadAssembly
Native extension for WindowsStandalone target not found
Refreshing native plugins compatible for Editor in 0.55 ms, found 2 plugins.
Preloading 0 native plugins for Editor in 0.00 ms.
Invoked RoslynAnalysisRunner static constructor.
RoslynAnalysisRunner will not be running.
RoslynAnalysisRunner has terminated.
Mono: successfully reloaded assembly
- Completed reload, in  0.816 seconds
Platform modules already initialized, skipping
Refreshing native plugins compatible for Editor in 0.62 ms, found 2 plugins.
Preloading 0 native plugins for Editor in 0.00 ms.
Unloading 1783 Unused Serialized files (Serialized files now loaded: 0)
System memory in use before: 88.9 MB.
System memory in use after: 89.0 MB.

Unloading 24 unused Assets to reduce memory usage. Loaded Objects now: 2341.
Total: 2.027700 ms (FindLiveObjects: 0.240600 ms CreateObjectMapping: 0.047400 ms MarkObjects: 1.718400 ms  DeleteObjects: 0.019600 ms)

========================================================================
Received Prepare
Registering precompiled user dll's ...
Registered in 0.006028 seconds.
Begin MonoManager ReloadAssembly
Native extension for WindowsStandalone target not found
Refreshing native plugins compatible for Editor in 0.47 ms, found 2 plugins.
Preloading 0 native plugins for Editor in 0.00 ms.
Invoked RoslynAnalysisRunner static constructor.
RoslynAnalysisRunner will not be running.
RoslynAnalysisRunner has terminated.
Mono: successfully reloaded assembly
- Completed reload, in  0.753 seconds
Platform modules already initialized, skipping
Refreshing native plugins compatible for Editor in 0.47 ms, found 2 plugins.
Preloading 0 native plugins for Editor in 0.00 ms.
Unloading 1783 Unused Serialized files (Serialized files now loaded: 0)
System memory in use before: 89.0 MB.
System memory in use after: 89.1 MB.

Unloading 24 unused Assets to reduce memory usage. Loaded Objects now: 2343.
Total: 2.714300 ms (FindLiveObjects: 0.272200 ms CreateObjectMapping: 0.076000 ms MarkObjects: 2.338400 ms  DeleteObjects: 0.026500 ms)

========================================================================
Received Prepare
Registering precompiled user dll's ...
Registered in 0.008381 seconds.
Begin MonoManager ReloadAssembly
Native extension for WindowsStandalone target not found
Refreshing native plugins compatible for Editor in 0.52 ms, found 2 plugins.
Preloading 0 native plugins for Editor in 0.00 ms.
Invoked RoslynAnalysisRunner static constructor.
RoslynAnalysisRunner will not be running.
RoslynAnalysisRunner has terminated.
Mono: successfully reloaded assembly
- Completed reload, in  0.814 seconds
Platform modules already initialized, skipping
Refreshing native plugins compatible for Editor in 0.52 ms, found 2 plugins.
Preloading 0 native plugins for Editor in 0.00 ms.
Unloading 1783 Unused Serialized files (Serialized files now loaded: 0)
System memory in use before: 89.1 MB.
System memory in use after: 89.2 MB.

Unloading 24 unused Assets to reduce memory usage. Loaded Objects now: 2345.
Total: 2.077500 ms (FindLiveObjects: 0.315400 ms CreateObjectMapping: 0.045200 ms MarkObjects: 1.696800 ms  DeleteObjects: 0.018700 ms)

========================================================================
Received Prepare
Registering precompiled user dll's ...
Registered in 0.005808 seconds.
Begin MonoManager ReloadAssembly
Native extension for WindowsStandalone target not found
Refreshing native plugins compatible for Editor in 0.48 ms, found 2 plugins.
Preloading 0 native plugins for Editor in 0.00 ms.
Invoked RoslynAnalysisRunner static constructor.
RoslynAnalysisRunner will not be running.
RoslynAnalysisRunner has terminated.
Mono: successfully reloaded assembly
- Completed reload, in  0.765 seconds
Platform modules already initialized, skipping
Refreshing native plugins compatible for Editor in 0.48 ms, found 2 plugins.
Preloading 0 native plugins for Editor in 0.00 ms.
Unloading 1783 Unused Serialized files (Serialized files now loaded: 0)
System memory in use before: 89.2 MB.
System memory in use after: 89.3 MB.

Unloading 24 unused Assets to reduce memory usage. Loaded Objects now: 2347.
Total: 2.788700 ms (FindLiveObjects: 0.283400 ms CreateObjectMapping: 0.083200 ms MarkObjects: 2.395300 ms  DeleteObjects: 0.025500 ms)

========================================================================
Received Prepare
Registering precompiled user dll's ...
Registered in 0.007198 seconds.
Begin MonoManager ReloadAssembly
Native extension for WindowsStandalone target not found
Refreshing native plugins compatible for Editor in 0.52 ms, found 2 plugins.
Preloading 0 native plugins for Editor in 0.00 ms.
Invoked RoslynAnalysisRunner static constructor.
RoslynAnalysisRunner will not be running.
RoslynAnalysisRunner has terminated.
Mono: successfully reloaded assembly
- Completed reload, in  0.833 seconds
Platform modules already initialized, skipping
Refreshing native plugins compatible for Editor in 0.50 ms, found 2 plugins.
Preloading 0 native plugins for Editor in 0.00 ms.
Unloading 1783 Unused Serialized files (Serialized files now loaded: 0)
System memory in use before: 89.3 MB.
System memory in use after: 89.4 MB.

Unloading 24 unused Assets to reduce memory usage. Loaded Objects now: 2349.
Total: 2.305700 ms (FindLiveObjects: 0.291600 ms CreateObjectMapping: 0.041400 ms MarkObjects: 1.947200 ms  DeleteObjects: 0.024100 ms)

========================================================================
Received Prepare
Registering precompiled user dll's ...
Registered in 0.006019 seconds.
Begin MonoManager ReloadAssembly
Native extension for WindowsStandalone target not found
Refreshing native plugins compatible for Editor in 0.53 ms, found 2 plugins.
Preloading 0 native plugins for Editor in 0.00 ms.
Invoked RoslynAnalysisRunner static constructor.
RoslynAnalysisRunner will not be running.
RoslynAnalysisRunner has terminated.
Mono: successfully reloaded assembly
- Completed reload, in  0.794 seconds
Platform modules already initialized, skipping
Refreshing native plugins compatible for Editor in 0.48 ms, found 2 plugins.
Preloading 0 native plugins for Editor in 0.00 ms.
Unloading 1783 Unused Serialized files (Serialized files now loaded: 0)
System memory in use before: 89.4 MB.
System memory in use after: 89.5 MB.

Unloading 24 unused Assets to reduce memory usage. Loaded Objects now: 2351.
Total: 2.773200 ms (FindLiveObjects: 0.300200 ms CreateObjectMapping: 0.077100 ms MarkObjects: 2.367600 ms  DeleteObjects: 0.026300 ms)

AssetImportWorkerClient::OnTransportError - code=2 error=End of file
