Using pre-set license
Built from '2020.2/release' branch; Version is '2020.2.2f1 (068178b99f32) revision 426360'; Using compiler version '192528614'; Build Type 'Release'
OS: 'Windows 10 Pro; OS build 19042.928; Version 2009; 64bit' Language: 'ko' Physical Memory: 16328 MB
BatchMode: 1, IsHumanControllingUs: 0, StartBugReporterOnCrash: 0, Is64bit: 1, IsPro: 0

 COMMAND LINE ARGUMENTS:
C:\Program Files\Unity\Hub\Editor\2020.2.2f1\Editor\Unity.exe
-adb2
-batchMode
-noUpm
-name
AssetImportWorker0
-projectPath
C:/Users/user/Desktop/2D-1
-logFile
Logs/AssetImportWorker0.log
-srvPort
62102
Successfully changed project path to: C:/Users/user/Desktop/2D-1
C:/Users/user/Desktop/2D-1
Using Asset Import Pipeline V2.
Refreshing native plugins compatible for Editor in 38.72 ms, found 2 plugins.
Preloading 0 native plugins for Editor in 0.00 ms.
Initialize engine version: 2020.2.2f1 (068178b99f32)
[Subsystems] Discovering subsystems at path C:/Program Files/Unity/Hub/Editor/2020.2.2f1/Editor/Data/Resources/UnitySubsystems
[Subsystems] Discovering subsystems at path C:/Users/user/Desktop/2D-1/Assets
GfxDevice: creating device client; threaded=0
Direct3D:
    Version:  Direct3D 11.0 [level 11.1]
    Renderer: NVIDIA GeForce RTX 2060 (ID=0x1e89)
    Vendor:   
    VRAM:     5967 MB
    Driver:   27.21.14.5751
Initialize mono
Mono path[0] = 'C:/Program Files/Unity/Hub/Editor/2020.2.2f1/Editor/Data/Managed'
Mono path[1] = 'C:/Program Files/Unity/Hub/Editor/2020.2.2f1/Editor/Data/MonoBleedingEdge/lib/mono/unityjit'
Mono config path = 'C:/Program Files/Unity/Hub/Editor/2020.2.2f1/Editor/Data/MonoBleedingEdge/etc'
Using monoOptions --debugger-agent=transport=dt_socket,embedding=1,server=y,suspend=n,address=127.0.0.1:56868
Begin MonoManager ReloadAssembly
Registering precompiled unity dll's ...
Register platform support module: C:/Program Files/Unity/Hub/Editor/2020.2.2f1/Editor/Data/PlaybackEngines/WindowsStandaloneSupport/UnityEditor.WindowsStandalone.Extensions.dll
Registered in 0.002561 seconds.
Native extension for WindowsStandalone target not found
Refreshing native plugins compatible for Editor in 32.77 ms, found 2 plugins.
Preloading 0 native plugins for Editor in 0.00 ms.
Invoked RoslynAnalysisRunner static constructor.
RoslynAnalysisRunner will not be running.
RoslynAnalysisRunner has terminated.
Mono: successfully reloaded assembly
- Completed reload, in  1.484 seconds
Platform modules already initialized, skipping
Registering precompiled user dll's ...
Registered in 0.005539 seconds.
Begin MonoManager ReloadAssembly
Native extension for WindowsStandalone target not found
Refreshing native plugins compatible for Editor in 34.18 ms, found 2 plugins.
Preloading 0 native plugins for Editor in 0.00 ms.
Invoked RoslynAnalysisRunner static constructor.
RoslynAnalysisRunner will not be running.
RoslynAnalysisRunner has terminated.
Mono: successfully reloaded assembly
- Completed reload, in  0.863 seconds
Platform modules already initialized, skipping
========================================================================
Worker process is ready to serve import requests
Launched and connected shader compiler UnityShaderCompiler.exe after 0.05 seconds
Refreshing native plugins compatible for Editor in 0.47 ms, found 2 plugins.
Preloading 0 native plugins for Editor in 0.00 ms.
Unloading 1785 Unused Serialized files (Serialized files now loaded: 0)
System memory in use before: 87.3 MB.
System memory in use after: 87.4 MB.

Unloading 35 unused Assets to reduce memory usage. Loaded Objects now: 2300.
Total: 2.129000 ms (FindLiveObjects: 0.392500 ms CreateObjectMapping: 0.058100 ms MarkObjects: 1.618400 ms  DeleteObjects: 0.058700 ms)

========================================================================
Received Import Request.
  path: Assets/Animation/Player.controller
  artifactKey: Guid(d3d95f12f98a10e448fdbcabc8b317f8) Importer(815301076,1909f56bfc062723c751e8b465ee728b)
Start importing Assets/Animation/Player.controller using Guid(d3d95f12f98a10e448fdbcabc8b317f8) Importer(815301076,1909f56bfc062723c751e8b465ee728b)  -> (artifact id: '266ea8729e381fa46be087eb864e4c97') in 0.029795 seconds
  Import took 0.033797 seconds .

========================================================================
Received Import Request.
  Time since last request: 130.598607 seconds.
  path: Assets/Sprite/Player_Walk
  artifactKey: Guid(36792f6fe67044440b88bbb0ffcd52f4) Importer(815301076,1909f56bfc062723c751e8b465ee728b)
Start importing Assets/Sprite/Player_Walk using Guid(36792f6fe67044440b88bbb0ffcd52f4) Importer(815301076,1909f56bfc062723c751e8b465ee728b)  -> (artifact id: '7518f7ca70cb2299f0de0c4a683d5dfc') in 0.007714 seconds
  Import took 0.010983 seconds .

========================================================================
Received Import Request.
  Time since last request: 98.704072 seconds.
  path: Assets/Sprite/Player_Jump
  artifactKey: Guid(61126acc27fa8cd4b9499b75144ec1fc) Importer(815301076,1909f56bfc062723c751e8b465ee728b)
Start importing Assets/Sprite/Player_Jump using Guid(61126acc27fa8cd4b9499b75144ec1fc) Importer(815301076,1909f56bfc062723c751e8b465ee728b)  -> (artifact id: '0aa7b3eb9f0baa1a409e711fe5c4454c') in 0.006664 seconds
  Import took 0.009739 seconds .

========================================================================
Received Import Request.
  Time since last request: 0.124133 seconds.
  path: Assets/Sprite/Player_Jump/Anim_JUMP_01.png
  artifactKey: Guid(056252c90f75d9a4497fab5365df7d9f) Importer(815301076,1909f56bfc062723c751e8b465ee728b)
Start importing Assets/Sprite/Player_Jump/Anim_JUMP_01.png using Guid(056252c90f75d9a4497fab5365df7d9f) Importer(815301076,1909f56bfc062723c751e8b465ee728b)  -> (artifact id: '3e611281d3715035cb8ff54bd5529863') in 0.062731 seconds
  Import took 0.065653 seconds .

========================================================================
Received Import Request.
  Time since last request: 0.000195 seconds.
  path: Assets/Sprite/Player_Jump/Anim_JUMP_19.png
  artifactKey: Guid(f85072fee7f29234fa4720de28bb3726) Importer(815301076,1909f56bfc062723c751e8b465ee728b)
Start importing Assets/Sprite/Player_Jump/Anim_JUMP_19.png using Guid(f85072fee7f29234fa4720de28bb3726) Importer(815301076,1909f56bfc062723c751e8b465ee728b)  -> (artifact id: 'c3a6d2712f034aecee6006b82d128f17') in 0.011655 seconds
  Import took 0.014311 seconds .

========================================================================
Received Import Request.
  Time since last request: 0.000228 seconds.
  path: Assets/Sprite/Player_Jump/Anim_JUMP_03.png
  artifactKey: Guid(fb9ff3023bac5fd45a61d211a992f6cc) Importer(815301076,1909f56bfc062723c751e8b465ee728b)
Start importing Assets/Sprite/Player_Jump/Anim_JUMP_03.png using Guid(fb9ff3023bac5fd45a61d211a992f6cc) Importer(815301076,1909f56bfc062723c751e8b465ee728b)  -> (artifact id: '6f6b3161bee47d0cba1234fbeb6841d8') in 0.011360 seconds
  Import took 0.013804 seconds .

========================================================================
Received Import Request.
  Time since last request: 0.000197 seconds.
  path: Assets/Sprite/Player_Jump/Anim_JUMP_15.png
  artifactKey: Guid(aea947373e8f81043819516461147776) Importer(815301076,1909f56bfc062723c751e8b465ee728b)
Start importing Assets/Sprite/Player_Jump/Anim_JUMP_15.png using Guid(aea947373e8f81043819516461147776) Importer(815301076,1909f56bfc062723c751e8b465ee728b)  -> (artifact id: '26247046d1ca68f8c587cd526dd0e0bc') in 0.011598 seconds
  Import took 0.014132 seconds .

========================================================================
Received Import Request.
  Time since last request: 0.000227 seconds.
  path: Assets/Sprite/Player_Jump/Anim_JUMP_18.png
  artifactKey: Guid(92f2bea9544378042b1507d74a1fcc0e) Importer(815301076,1909f56bfc062723c751e8b465ee728b)
Start importing Assets/Sprite/Player_Jump/Anim_JUMP_18.png using Guid(92f2bea9544378042b1507d74a1fcc0e) Importer(815301076,1909f56bfc062723c751e8b465ee728b)  -> (artifact id: '67f67364dd1c8809e42c4514a756cf70') in 0.010315 seconds
  Import took 0.013286 seconds .

========================================================================
Received Import Request.
  Time since last request: 0.000222 seconds.
  path: Assets/Sprite/Player_Jump/Anim_JUMP_08.png
  artifactKey: Guid(2333f46d54d9d5b4286b0ccdbbd07bb7) Importer(815301076,1909f56bfc062723c751e8b465ee728b)
Start importing Assets/Sprite/Player_Jump/Anim_JUMP_08.png using Guid(2333f46d54d9d5b4286b0ccdbbd07bb7) Importer(815301076,1909f56bfc062723c751e8b465ee728b)  -> (artifact id: 'ee578950ec301986df41f61e113c14c7') in 0.011259 seconds
  Import took 0.014021 seconds .

========================================================================
Received Import Request.
  Time since last request: 0.000208 seconds.
  path: Assets/Sprite/Player_Jump/Anim_JUMP_17.png
  artifactKey: Guid(27fecdd1312524541bfac3aa91683158) Importer(815301076,1909f56bfc062723c751e8b465ee728b)
Start importing Assets/Sprite/Player_Jump/Anim_JUMP_17.png using Guid(27fecdd1312524541bfac3aa91683158) Importer(815301076,1909f56bfc062723c751e8b465ee728b)  -> (artifact id: '11fc9238e5bb5357a3c7cd26032bfe59') in 0.010785 seconds
  Import took 0.013436 seconds .

========================================================================
Received Import Request.
  Time since last request: 0.000183 seconds.
  path: Assets/Sprite/Player_Jump/Anim_JUMP_02.png
  artifactKey: Guid(ebad2c55d8642b543aca381401ad60c8) Importer(815301076,1909f56bfc062723c751e8b465ee728b)
Start importing Assets/Sprite/Player_Jump/Anim_JUMP_02.png using Guid(ebad2c55d8642b543aca381401ad60c8) Importer(815301076,1909f56bfc062723c751e8b465ee728b)  -> (artifact id: '67be728e8d0af09e2dad110e889e37c5') in 0.011776 seconds
  Import took 0.014215 seconds .

========================================================================
Received Import Request.
  Time since last request: 0.000240 seconds.
  path: Assets/Sprite/Player_Jump/Anim_JUMP_10.png
  artifactKey: Guid(500cdba8d55cd574992dc1e7008af9e2) Importer(815301076,1909f56bfc062723c751e8b465ee728b)
Start importing Assets/Sprite/Player_Jump/Anim_JUMP_10.png using Guid(500cdba8d55cd574992dc1e7008af9e2) Importer(815301076,1909f56bfc062723c751e8b465ee728b)  -> (artifact id: 'fa55ca5471befd03da63299a9b51a0af') in 0.011784 seconds
  Import took 0.014935 seconds .

========================================================================
Received Import Request.
  Time since last request: 0.000262 seconds.
  path: Assets/Sprite/Player_Jump/Anim_JUMP_09.png
  artifactKey: Guid(6d300f2275cbfa944a7a6f78ebc9b240) Importer(815301076,1909f56bfc062723c751e8b465ee728b)
Start importing Assets/Sprite/Player_Jump/Anim_JUMP_09.png using Guid(6d300f2275cbfa944a7a6f78ebc9b240) Importer(815301076,1909f56bfc062723c751e8b465ee728b)  -> (artifact id: '2edbcb4a5070f8f253577f4147632397') in 0.010976 seconds
  Import took 0.013829 seconds .

========================================================================
Received Import Request.
  Time since last request: 0.000227 seconds.
  path: Assets/Sprite/Player_Jump/Anim_JUMP_05.png
  artifactKey: Guid(adaf1c49c9fc8ad478f0cd8ef1c28783) Importer(815301076,1909f56bfc062723c751e8b465ee728b)
Start importing Assets/Sprite/Player_Jump/Anim_JUMP_05.png using Guid(adaf1c49c9fc8ad478f0cd8ef1c28783) Importer(815301076,1909f56bfc062723c751e8b465ee728b)  -> (artifact id: '5dd1d7ac1bf69a217efd1f9da131e07e') in 0.010574 seconds
  Import took 0.013247 seconds .

========================================================================
Received Import Request.
  Time since last request: 0.000215 seconds.
  path: Assets/Sprite/Player_Jump/Anim_JUMP_07.png
  artifactKey: Guid(446b649f7a111734c98c7b5f33ae518e) Importer(815301076,1909f56bfc062723c751e8b465ee728b)
Start importing Assets/Sprite/Player_Jump/Anim_JUMP_07.png using Guid(446b649f7a111734c98c7b5f33ae518e) Importer(815301076,1909f56bfc062723c751e8b465ee728b)  -> (artifact id: '6edb029243c7fe874972b00c00e69374') in 0.014175 seconds
  Import took 0.016777 seconds .

========================================================================
Received Import Request.
  Time since last request: 0.000216 seconds.
  path: Assets/Sprite/Player_Jump/Anim_JUMP_16.png
  artifactKey: Guid(65a6a2ffc2971a34099bd888dab3fecf) Importer(815301076,1909f56bfc062723c751e8b465ee728b)
Start importing Assets/Sprite/Player_Jump/Anim_JUMP_16.png using Guid(65a6a2ffc2971a34099bd888dab3fecf) Importer(815301076,1909f56bfc062723c751e8b465ee728b)  -> (artifact id: '65bc4f2d4c8d96dfd95e43717488967e') in 0.011518 seconds
  Import took 0.013933 seconds .

========================================================================
Received Import Request.
  Time since last request: 0.000177 seconds.
  path: Assets/Sprite/Player_Jump/Anim_JUMP_06.png
  artifactKey: Guid(783fa4cb65de2864db0f93b160e5a266) Importer(815301076,1909f56bfc062723c751e8b465ee728b)
Start importing Assets/Sprite/Player_Jump/Anim_JUMP_06.png using Guid(783fa4cb65de2864db0f93b160e5a266) Importer(815301076,1909f56bfc062723c751e8b465ee728b)  -> (artifact id: '97d54dfc977d37181f52b22b3715d5cd') in 0.011670 seconds
  Import took 0.014347 seconds .

========================================================================
Received Import Request.
  Time since last request: 0.000177 seconds.
  path: Assets/Sprite/Player_Jump/Anim_JUMP_13.png
  artifactKey: Guid(fe0279c7de64e1c4b98bbe355a7b8d32) Importer(815301076,1909f56bfc062723c751e8b465ee728b)
Start importing Assets/Sprite/Player_Jump/Anim_JUMP_13.png using Guid(fe0279c7de64e1c4b98bbe355a7b8d32) Importer(815301076,1909f56bfc062723c751e8b465ee728b)  -> (artifact id: 'e2c59a9ee7fe70514b96fe84dc952242') in 0.011739 seconds
  Import took 0.014271 seconds .

========================================================================
Received Import Request.
  Time since last request: 0.000211 seconds.
  path: Assets/Sprite/Player_Jump/Anim_JUMP_04.png
  artifactKey: Guid(0def0e6aa9cf31e48a37b0cc71051617) Importer(815301076,1909f56bfc062723c751e8b465ee728b)
Start importing Assets/Sprite/Player_Jump/Anim_JUMP_04.png using Guid(0def0e6aa9cf31e48a37b0cc71051617) Importer(815301076,1909f56bfc062723c751e8b465ee728b)  -> (artifact id: 'b4aaea5d17cf3d0a150d3f9c501883d9') in 0.011445 seconds
  Import took 0.013915 seconds .

========================================================================
Received Import Request.
  Time since last request: 0.000201 seconds.
  path: Assets/Sprite/Player_Jump/Anim_JUMP_14.png
  artifactKey: Guid(7a09eec7eeb826443a5056ae743c04ec) Importer(815301076,1909f56bfc062723c751e8b465ee728b)
Start importing Assets/Sprite/Player_Jump/Anim_JUMP_14.png using Guid(7a09eec7eeb826443a5056ae743c04ec) Importer(815301076,1909f56bfc062723c751e8b465ee728b)  -> (artifact id: 'c4da3f1b5c25346f1ff6e2f7ca34e9fc') in 0.012598 seconds
  Import took 0.015485 seconds .

========================================================================
Received Import Request.
  Time since last request: 0.000248 seconds.
  path: Assets/Sprite/Player_Jump/Anim_JUMP_11.png
  artifactKey: Guid(92565bab24936604ea49a708a53d4432) Importer(815301076,1909f56bfc062723c751e8b465ee728b)
Start importing Assets/Sprite/Player_Jump/Anim_JUMP_11.png using Guid(92565bab24936604ea49a708a53d4432) Importer(815301076,1909f56bfc062723c751e8b465ee728b)  -> (artifact id: '49f9853da7c9197975e5fe1bf6ce0a7f') in 0.011129 seconds
  Import took 0.014119 seconds .

========================================================================
Received Import Request.
  Time since last request: 0.000211 seconds.
  path: Assets/Sprite/Player_Jump/Anim_JUMP_12.png
  artifactKey: Guid(157582f27b8d79a4c9042e6e0d68828b) Importer(815301076,1909f56bfc062723c751e8b465ee728b)
Start importing Assets/Sprite/Player_Jump/Anim_JUMP_12.png using Guid(157582f27b8d79a4c9042e6e0d68828b) Importer(815301076,1909f56bfc062723c751e8b465ee728b)  -> (artifact id: '9cea01de919ef3507714cac9297b7d86') in 0.015385 seconds
  Import took 0.018247 seconds .

========================================================================
Received Import Request.
  Time since last request: 42.424122 seconds.
  path: Assets/Animation/Anim_JUMP_01.controller
  artifactKey: Guid(1184351e825e92b47bb44cb3bb155f3d) Importer(815301076,1909f56bfc062723c751e8b465ee728b)
Start importing Assets/Animation/Anim_JUMP_01.controller using Guid(1184351e825e92b47bb44cb3bb155f3d) Importer(815301076,1909f56bfc062723c751e8b465ee728b)  -> (artifact id: 'b5651d7672965990073c6e0c8713b000') in 0.003357 seconds
  Import took 0.007476 seconds .

========================================================================
Received Import Request.
  Time since last request: 0.004897 seconds.
  path: Assets/Animation/Anim_JUMP_01.controller
  artifactKey: Guid(1184351e825e92b47bb44cb3bb155f3d) Importer(815301076,1909f56bfc062723c751e8b465ee728b)
Start importing Assets/Animation/Anim_JUMP_01.controller using Guid(1184351e825e92b47bb44cb3bb155f3d) Importer(815301076,1909f56bfc062723c751e8b465ee728b)  -> (artifact id: 'b5651d7672965990073c6e0c8713b000') in 0.002757 seconds
  Import took 0.005859 seconds .

========================================================================
Received Import Request.
  Time since last request: 4.008273 seconds.
  path: Assets/Animation/Player_Walk.anim
  artifactKey: Guid(428cb8ad41811fe4987d301bc8ab6a77) Importer(815301076,1909f56bfc062723c751e8b465ee728b)
Start importing Assets/Animation/Player_Walk.anim using Guid(428cb8ad41811fe4987d301bc8ab6a77) Importer(815301076,1909f56bfc062723c751e8b465ee728b)  -> (artifact id: '5d5196eb50a43c8e77e08d562ee05997') in 0.004438 seconds
  Import took 0.007786 seconds .

========================================================================
Received Import Request.
  Time since last request: 0.004921 seconds.
  path: Assets/Animation/Player_Walk.anim
  artifactKey: Guid(428cb8ad41811fe4987d301bc8ab6a77) Importer(815301076,1909f56bfc062723c751e8b465ee728b)
Start importing Assets/Animation/Player_Walk.anim using Guid(428cb8ad41811fe4987d301bc8ab6a77) Importer(815301076,1909f56bfc062723c751e8b465ee728b)  -> (artifact id: '5d5196eb50a43c8e77e08d562ee05997') in 0.002976 seconds
  Import took 0.006107 seconds .

========================================================================
Received Import Request.
  Time since last request: 0.609934 seconds.
  path: Assets/Animation/Player_Jump.anim
  artifactKey: Guid(7d7ae22ecb16a5e41b2ff582866df89c) Importer(815301076,1909f56bfc062723c751e8b465ee728b)
Start importing Assets/Animation/Player_Jump.anim using Guid(7d7ae22ecb16a5e41b2ff582866df89c) Importer(815301076,1909f56bfc062723c751e8b465ee728b)  -> (artifact id: '009232234b4a6a36b6f30f44e0b0d8c5') in 0.007452 seconds
  Import took 0.010754 seconds .

========================================================================
Received Import Request.
  Time since last request: 0.005030 seconds.
  path: Assets/Animation/Player_Jump.anim
  artifactKey: Guid(7d7ae22ecb16a5e41b2ff582866df89c) Importer(815301076,1909f56bfc062723c751e8b465ee728b)
Start importing Assets/Animation/Player_Jump.anim using Guid(7d7ae22ecb16a5e41b2ff582866df89c) Importer(815301076,1909f56bfc062723c751e8b465ee728b)  -> (artifact id: '009232234b4a6a36b6f30f44e0b0d8c5') in 0.002295 seconds
  Import took 0.005315 seconds .

========================================================================
Received Prepare
Registering precompiled user dll's ...
Registered in 0.005738 seconds.
Begin MonoManager ReloadAssembly
Native extension for WindowsStandalone target not found
Refreshing native plugins compatible for Editor in 0.53 ms, found 2 plugins.
Preloading 0 native plugins for Editor in 0.00 ms.
Invoked RoslynAnalysisRunner static constructor.
RoslynAnalysisRunner will not be running.
RoslynAnalysisRunner has terminated.
Mono: successfully reloaded assembly
- Completed reload, in  0.825 seconds
Platform modules already initialized, skipping
Refreshing native plugins compatible for Editor in 0.68 ms, found 2 plugins.
Preloading 0 native plugins for Editor in 0.00 ms.
Unloading 1776 Unused Serialized files (Serialized files now loaded: 0)
System memory in use before: 90.1 MB.
System memory in use after: 90.2 MB.

Unloading 24 unused Assets to reduce memory usage. Loaded Objects now: 2308.
Total: 2.223600 ms (FindLiveObjects: 0.476600 ms CreateObjectMapping: 0.062500 ms MarkObjects: 1.660100 ms  DeleteObjects: 0.022200 ms)

========================================================================
Received Prepare
Registering precompiled user dll's ...
Registered in 0.005502 seconds.
Begin MonoManager ReloadAssembly
Native extension for WindowsStandalone target not found
Refreshing native plugins compatible for Editor in 0.64 ms, found 2 plugins.
Preloading 0 native plugins for Editor in 0.00 ms.
Invoked RoslynAnalysisRunner static constructor.
RoslynAnalysisRunner will not be running.
RoslynAnalysisRunner has terminated.
Mono: successfully reloaded assembly
- Completed reload, in  0.820 seconds
Platform modules already initialized, skipping
Refreshing native plugins compatible for Editor in 0.50 ms, found 2 plugins.
Preloading 0 native plugins for Editor in 0.00 ms.
Unloading 1776 Unused Serialized files (Serialized files now loaded: 0)
System memory in use before: 90.2 MB.
System memory in use after: 90.3 MB.

Unloading 24 unused Assets to reduce memory usage. Loaded Objects now: 2310.
Total: 1.785300 ms (FindLiveObjects: 0.222200 ms CreateObjectMapping: 0.052600 ms MarkObjects: 1.492400 ms  DeleteObjects: 0.017400 ms)

========================================================================
Received Prepare
Registering precompiled user dll's ...
Registered in 0.005678 seconds.
Begin MonoManager ReloadAssembly
Native extension for WindowsStandalone target not found
Refreshing native plugins compatible for Editor in 0.52 ms, found 2 plugins.
Preloading 0 native plugins for Editor in 0.00 ms.
Invoked RoslynAnalysisRunner static constructor.
RoslynAnalysisRunner will not be running.
RoslynAnalysisRunner has terminated.
Mono: successfully reloaded assembly
- Completed reload, in  0.800 seconds
Platform modules already initialized, skipping
Refreshing native plugins compatible for Editor in 0.48 ms, found 2 plugins.
Preloading 0 native plugins for Editor in 0.00 ms.
Unloading 1776 Unused Serialized files (Serialized files now loaded: 0)
System memory in use before: 90.3 MB.
System memory in use after: 90.4 MB.

Unloading 24 unused Assets to reduce memory usage. Loaded Objects now: 2312.
Total: 2.209400 ms (FindLiveObjects: 0.267600 ms CreateObjectMapping: 0.048600 ms MarkObjects: 1.869600 ms  DeleteObjects: 0.022500 ms)

========================================================================
Received Prepare
Registering precompiled user dll's ...
Registered in 0.005667 seconds.
Begin MonoManager ReloadAssembly
Native extension for WindowsStandalone target not found
Refreshing native plugins compatible for Editor in 0.50 ms, found 2 plugins.
Preloading 0 native plugins for Editor in 0.00 ms.
Invoked RoslynAnalysisRunner static constructor.
RoslynAnalysisRunner will not be running.
RoslynAnalysisRunner has terminated.
Mono: successfully reloaded assembly
- Completed reload, in  0.799 seconds
Platform modules already initialized, skipping
Refreshing native plugins compatible for Editor in 0.67 ms, found 2 plugins.
Preloading 0 native plugins for Editor in 0.00 ms.
Unloading 1776 Unused Serialized files (Serialized files now loaded: 0)
System memory in use before: 90.4 MB.
System memory in use after: 90.5 MB.

Unloading 24 unused Assets to reduce memory usage. Loaded Objects now: 2314.
Total: 2.686200 ms (FindLiveObjects: 0.274500 ms CreateObjectMapping: 0.076100 ms MarkObjects: 2.308900 ms  DeleteObjects: 0.024900 ms)

========================================================================
Received Prepare
Registering precompiled user dll's ...
Registered in 0.005472 seconds.
Begin MonoManager ReloadAssembly
Native extension for WindowsStandalone target not found
Refreshing native plugins compatible for Editor in 0.54 ms, found 2 plugins.
Preloading 0 native plugins for Editor in 0.00 ms.
Invoked RoslynAnalysisRunner static constructor.
RoslynAnalysisRunner will not be running.
RoslynAnalysisRunner has terminated.
Mono: successfully reloaded assembly
- Completed reload, in  0.797 seconds
Platform modules already initialized, skipping
Refreshing native plugins compatible for Editor in 0.91 ms, found 2 plugins.
Preloading 0 native plugins for Editor in 0.00 ms.
Unloading 1776 Unused Serialized files (Serialized files now loaded: 0)
System memory in use before: 90.5 MB.
System memory in use after: 90.6 MB.

Unloading 24 unused Assets to reduce memory usage. Loaded Objects now: 2316.
Total: 2.347300 ms (FindLiveObjects: 0.360900 ms CreateObjectMapping: 0.048800 ms MarkObjects: 1.908100 ms  DeleteObjects: 0.028000 ms)

========================================================================
Received Import Request.
  Time since last request: 806.532088 seconds.
  path: ProjectSettings/TagManager.asset
  artifactKey: Guid(00000000000000003000000000000000) Importer(815301076,1909f56bfc062723c751e8b465ee728b)
Start importing ProjectSettings/TagManager.asset using Guid(00000000000000003000000000000000) Importer(815301076,1909f56bfc062723c751e8b465ee728b)  -> (artifact id: 'e8c3ab6b558fa7fe7c42e9a55a892947') in 0.017604 seconds
  Import took 0.020803 seconds .

========================================================================
Received Prepare
Registering precompiled user dll's ...
Registered in 0.005664 seconds.
Begin MonoManager ReloadAssembly
Native extension for WindowsStandalone target not found
Refreshing native plugins compatible for Editor in 0.59 ms, found 2 plugins.
Preloading 0 native plugins for Editor in 0.00 ms.
Invoked RoslynAnalysisRunner static constructor.
RoslynAnalysisRunner will not be running.
RoslynAnalysisRunner has terminated.
Mono: successfully reloaded assembly
- Completed reload, in  0.821 seconds
Platform modules already initialized, skipping
Refreshing native plugins compatible for Editor in 0.50 ms, found 2 plugins.
Preloading 0 native plugins for Editor in 0.00 ms.
Unloading 1776 Unused Serialized files (Serialized files now loaded: 0)
System memory in use before: 90.6 MB.
System memory in use after: 90.7 MB.

Unloading 25 unused Assets to reduce memory usage. Loaded Objects now: 2318.
Total: 2.624900 ms (FindLiveObjects: 0.406200 ms CreateObjectMapping: 0.059300 ms MarkObjects: 2.139300 ms  DeleteObjects: 0.019200 ms)

========================================================================
Received Prepare
Registering precompiled user dll's ...
Registered in 0.005602 seconds.
Begin MonoManager ReloadAssembly
Native extension for WindowsStandalone target not found
Refreshing native plugins compatible for Editor in 0.54 ms, found 2 plugins.
Preloading 0 native plugins for Editor in 0.00 ms.
Invoked RoslynAnalysisRunner static constructor.
RoslynAnalysisRunner will not be running.
RoslynAnalysisRunner has terminated.
Mono: successfully reloaded assembly
- Completed reload, in  0.822 seconds
Platform modules already initialized, skipping
Refreshing native plugins compatible for Editor in 0.72 ms, found 2 plugins.
Preloading 0 native plugins for Editor in 0.00 ms.
Unloading 1776 Unused Serialized files (Serialized files now loaded: 0)
System memory in use before: 90.7 MB.
System memory in use after: 90.8 MB.

Unloading 24 unused Assets to reduce memory usage. Loaded Objects now: 2320.
Total: 2.757100 ms (FindLiveObjects: 0.326900 ms CreateObjectMapping: 0.077300 ms MarkObjects: 2.326500 ms  DeleteObjects: 0.024500 ms)

========================================================================
Received Prepare
Registering precompiled user dll's ...
Registered in 0.005475 seconds.
Begin MonoManager ReloadAssembly
Native extension for WindowsStandalone target not found
Refreshing native plugins compatible for Editor in 0.50 ms, found 2 plugins.
Preloading 0 native plugins for Editor in 0.00 ms.
Invoked RoslynAnalysisRunner static constructor.
RoslynAnalysisRunner will not be running.
RoslynAnalysisRunner has terminated.
Mono: successfully reloaded assembly
- Completed reload, in  0.813 seconds
Platform modules already initialized, skipping
Refreshing native plugins compatible for Editor in 0.47 ms, found 2 plugins.
Preloading 0 native plugins for Editor in 0.00 ms.
Unloading 1776 Unused Serialized files (Serialized files now loaded: 0)
System memory in use before: 90.8 MB.
System memory in use after: 90.9 MB.

Unloading 24 unused Assets to reduce memory usage. Loaded Objects now: 2322.
Total: 2.163900 ms (FindLiveObjects: 0.333900 ms CreateObjectMapping: 0.051600 ms MarkObjects: 1.756400 ms  DeleteObjects: 0.020300 ms)

========================================================================
Received Prepare
Registering precompiled user dll's ...
Registered in 0.005503 seconds.
Begin MonoManager ReloadAssembly
Native extension for WindowsStandalone target not found
Refreshing native plugins compatible for Editor in 0.48 ms, found 2 plugins.
Preloading 0 native plugins for Editor in 0.00 ms.
Invoked RoslynAnalysisRunner static constructor.
RoslynAnalysisRunner will not be running.
RoslynAnalysisRunner has terminated.
Mono: successfully reloaded assembly
- Completed reload, in  0.816 seconds
Platform modules already initialized, skipping
Refreshing native plugins compatible for Editor in 0.81 ms, found 2 plugins.
Preloading 0 native plugins for Editor in 0.00 ms.
Unloading 1776 Unused Serialized files (Serialized files now loaded: 0)
System memory in use before: 90.9 MB.
System memory in use after: 91.0 MB.

Unloading 24 unused Assets to reduce memory usage. Loaded Objects now: 2324.
Total: 2.898800 ms (FindLiveObjects: 0.491500 ms CreateObjectMapping: 0.050000 ms MarkObjects: 2.330000 ms  DeleteObjects: 0.024800 ms)

========================================================================
Received Import Request.
  Time since last request: 2192.400001 seconds.
  path: Assets/Sprite/Bullet.png
  artifactKey: Guid(9eb5023a4eb726044a6eca3957d7df3e) Importer(815301076,1909f56bfc062723c751e8b465ee728b)
Start importing Assets/Sprite/Bullet.png using Guid(9eb5023a4eb726044a6eca3957d7df3e) Importer(815301076,1909f56bfc062723c751e8b465ee728b)  -> (artifact id: 'a96f5803e320e4637bb107b77dc87503') in 0.064291 seconds
  Import took 0.068084 seconds .

========================================================================
Received Import Request.
  Time since last request: 452.482763 seconds.
  path: Assets/Sprite/Bullet.prefab
  artifactKey: Guid(73866fd48569c2e4cbfaf7495e10a801) Importer(815301076,1909f56bfc062723c751e8b465ee728b)
Start importing Assets/Sprite/Bullet.prefab using Guid(73866fd48569c2e4cbfaf7495e10a801) Importer(815301076,1909f56bfc062723c751e8b465ee728b)  -> (artifact id: '19c8005614ffa0b3210e1247369679e0') in 0.027777 seconds
  Import took 0.032516 seconds .

========================================================================
Received Import Request.
  Time since last request: 0.002152 seconds.
  path: Assets/Sprite/Bullet.prefab
  artifactKey: Guid(73866fd48569c2e4cbfaf7495e10a801) Importer(815301076,1909f56bfc062723c751e8b465ee728b)
Start importing Assets/Sprite/Bullet.prefab using Guid(73866fd48569c2e4cbfaf7495e10a801) Importer(815301076,1909f56bfc062723c751e8b465ee728b)  -> (artifact id: '19c8005614ffa0b3210e1247369679e0') in 0.010119 seconds
  Import took 0.013283 seconds .

========================================================================
Received Import Request.
  Time since last request: 740.153637 seconds.
  path: Assets/Sprite/Bullet.prefab
  artifactKey: Guid(73866fd48569c2e4cbfaf7495e10a801) Importer(815301076,1909f56bfc062723c751e8b465ee728b)
Start importing Assets/Sprite/Bullet.prefab using Guid(73866fd48569c2e4cbfaf7495e10a801) Importer(815301076,1909f56bfc062723c751e8b465ee728b)  -> (artifact id: 'a7472e95f09ee0792a2bbacfd82e27c6') in 0.171171 seconds
  Import took 0.174715 seconds .

========================================================================
Received Prepare
Registering precompiled user dll's ...
Registered in 0.005514 seconds.
Begin MonoManager ReloadAssembly
Native extension for WindowsStandalone target not found
Refreshing native plugins compatible for Editor in 0.52 ms, found 2 plugins.
Preloading 0 native plugins for Editor in 0.00 ms.
Invoked RoslynAnalysisRunner static constructor.
RoslynAnalysisRunner will not be running.
RoslynAnalysisRunner has terminated.
Mono: successfully reloaded assembly
- Completed reload, in  0.781 seconds
Platform modules already initialized, skipping
Refreshing native plugins compatible for Editor in 0.46 ms, found 2 plugins.
Preloading 0 native plugins for Editor in 0.00 ms.
Unloading 1776 Unused Serialized files (Serialized files now loaded: 0)
System memory in use before: 91.0 MB.
System memory in use after: 91.1 MB.

Unloading 24 unused Assets to reduce memory usage. Loaded Objects now: 2333.
Total: 3.097600 ms (FindLiveObjects: 0.304700 ms CreateObjectMapping: 0.077600 ms MarkObjects: 2.684500 ms  DeleteObjects: 0.029100 ms)

========================================================================
Received Prepare
Registering precompiled user dll's ...
Registered in 0.005809 seconds.
Begin MonoManager ReloadAssembly
Native extension for WindowsStandalone target not found
Refreshing native plugins compatible for Editor in 0.70 ms, found 2 plugins.
Preloading 0 native plugins for Editor in 0.00 ms.
Invoked RoslynAnalysisRunner static constructor.
RoslynAnalysisRunner will not be running.
RoslynAnalysisRunner has terminated.
Mono: successfully reloaded assembly
- Completed reload, in  0.836 seconds
Platform modules already initialized, skipping
Refreshing native plugins compatible for Editor in 0.49 ms, found 2 plugins.
Preloading 0 native plugins for Editor in 0.00 ms.
Unloading 1776 Unused Serialized files (Serialized files now loaded: 0)
System memory in use before: 91.1 MB.
System memory in use after: 91.2 MB.

Unloading 24 unused Assets to reduce memory usage. Loaded Objects now: 2335.
Total: 2.240500 ms (FindLiveObjects: 0.227100 ms CreateObjectMapping: 0.048300 ms MarkObjects: 1.940400 ms  DeleteObjects: 0.023500 ms)

========================================================================
Received Import Request.
  Time since last request: 926.973919 seconds.
  path: Assets/Sprite/Bullet.prefab
  artifactKey: Guid(73866fd48569c2e4cbfaf7495e10a801) Importer(815301076,1909f56bfc062723c751e8b465ee728b)
Start importing Assets/Sprite/Bullet.prefab using Guid(73866fd48569c2e4cbfaf7495e10a801) Importer(815301076,1909f56bfc062723c751e8b465ee728b)  -> (artifact id: '12e21a449ba6932b0f2f5e50cdd326d2') in 0.396949 seconds
  Import took 0.400269 seconds .

========================================================================
Received Prepare
Registering precompiled user dll's ...
Registered in 0.006071 seconds.
Begin MonoManager ReloadAssembly
Native extension for WindowsStandalone target not found
Refreshing native plugins compatible for Editor in 0.58 ms, found 2 plugins.
Preloading 0 native plugins for Editor in 0.00 ms.
Invoked RoslynAnalysisRunner static constructor.
RoslynAnalysisRunner will not be running.
RoslynAnalysisRunner has terminated.
Mono: successfully reloaded assembly
- Completed reload, in  0.830 seconds
Platform modules already initialized, skipping
Refreshing native plugins compatible for Editor in 0.58 ms, found 2 plugins.
Preloading 0 native plugins for Editor in 0.00 ms.
Unloading 1776 Unused Serialized files (Serialized files now loaded: 0)
System memory in use before: 91.2 MB.
System memory in use after: 91.3 MB.

Unloading 24 unused Assets to reduce memory usage. Loaded Objects now: 2338.
Total: 2.649300 ms (FindLiveObjects: 0.578800 ms CreateObjectMapping: 0.108400 ms MarkObjects: 1.937400 ms  DeleteObjects: 0.022900 ms)

========================================================================
Received Prepare
Registering precompiled user dll's ...
Registered in 0.005745 seconds.
Begin MonoManager ReloadAssembly
Native extension for WindowsStandalone target not found
Refreshing native plugins compatible for Editor in 0.49 ms, found 2 plugins.
Preloading 0 native plugins for Editor in 0.00 ms.
Invoked RoslynAnalysisRunner static constructor.
RoslynAnalysisRunner will not be running.
RoslynAnalysisRunner has terminated.
Mono: successfully reloaded assembly
- Completed reload, in  0.806 seconds
Platform modules already initialized, skipping
Refreshing native plugins compatible for Editor in 0.48 ms, found 2 plugins.
Preloading 0 native plugins for Editor in 0.00 ms.
Unloading 1776 Unused Serialized files (Serialized files now loaded: 0)
System memory in use before: 91.2 MB.
System memory in use after: 91.4 MB.

Unloading 24 unused Assets to reduce memory usage. Loaded Objects now: 2340.
Total: 2.479000 ms (FindLiveObjects: 0.457100 ms CreateObjectMapping: 0.052500 ms MarkObjects: 1.949000 ms  DeleteObjects: 0.019100 ms)

========================================================================
Received Prepare
Registering precompiled user dll's ...
Registered in 0.005494 seconds.
Begin MonoManager ReloadAssembly
Native extension for WindowsStandalone target not found
Refreshing native plugins compatible for Editor in 0.57 ms, found 2 plugins.
Preloading 0 native plugins for Editor in 0.00 ms.
Invoked RoslynAnalysisRunner static constructor.
RoslynAnalysisRunner will not be running.
RoslynAnalysisRunner has terminated.
Mono: successfully reloaded assembly
- Completed reload, in  0.806 seconds
Platform modules already initialized, skipping
Refreshing native plugins compatible for Editor in 0.48 ms, found 2 plugins.
Preloading 0 native plugins for Editor in 0.00 ms.
Unloading 1776 Unused Serialized files (Serialized files now loaded: 0)
System memory in use before: 91.3 MB.
System memory in use after: 91.4 MB.

Unloading 24 unused Assets to reduce memory usage. Loaded Objects now: 2342.
Total: 1.817900 ms (FindLiveObjects: 0.242300 ms CreateObjectMapping: 0.043200 ms MarkObjects: 1.512500 ms  DeleteObjects: 0.019200 ms)

========================================================================
Received Prepare
Registering precompiled user dll's ...
Registered in 0.005444 seconds.
Begin MonoManager ReloadAssembly
Native extension for WindowsStandalone target not found
Refreshing native plugins compatible for Editor in 0.54 ms, found 2 plugins.
Preloading 0 native plugins for Editor in 0.00 ms.
Invoked RoslynAnalysisRunner static constructor.
RoslynAnalysisRunner will not be running.
RoslynAnalysisRunner has terminated.
Mono: successfully reloaded assembly
- Completed reload, in  0.826 seconds
Platform modules already initialized, skipping
Refreshing native plugins compatible for Editor in 0.48 ms, found 2 plugins.
Preloading 0 native plugins for Editor in 0.00 ms.
Unloading 1776 Unused Serialized files (Serialized files now loaded: 0)
System memory in use before: 91.4 MB.
System memory in use after: 91.5 MB.

Unloading 24 unused Assets to reduce memory usage. Loaded Objects now: 2344.
Total: 1.966700 ms (FindLiveObjects: 0.293700 ms CreateObjectMapping: 0.051500 ms MarkObjects: 1.600100 ms  DeleteObjects: 0.020400 ms)

========================================================================
Received Prepare
Registering precompiled user dll's ...
Registered in 0.005470 seconds.
Begin MonoManager ReloadAssembly
Native extension for WindowsStandalone target not found
Refreshing native plugins compatible for Editor in 0.62 ms, found 2 plugins.
Preloading 0 native plugins for Editor in 0.00 ms.
Invoked RoslynAnalysisRunner static constructor.
RoslynAnalysisRunner will not be running.
RoslynAnalysisRunner has terminated.
Mono: successfully reloaded assembly
- Completed reload, in  0.798 seconds
Platform modules already initialized, skipping
Refreshing native plugins compatible for Editor in 0.49 ms, found 2 plugins.
Preloading 0 native plugins for Editor in 0.00 ms.
Unloading 1776 Unused Serialized files (Serialized files now loaded: 0)
System memory in use before: 91.5 MB.
System memory in use after: 91.6 MB.

Unloading 24 unused Assets to reduce memory usage. Loaded Objects now: 2346.
Total: 2.037600 ms (FindLiveObjects: 0.347900 ms CreateObjectMapping: 0.057700 ms MarkObjects: 1.614900 ms  DeleteObjects: 0.016100 ms)

========================================================================
Received Import Request.
  Time since last request: 715.225347 seconds.
  path: Assets/Prefab
  artifactKey: Guid(bb61cebc77105b846b597a74a8c0ba14) Importer(815301076,1909f56bfc062723c751e8b465ee728b)
Start importing Assets/Prefab using Guid(bb61cebc77105b846b597a74a8c0ba14) Importer(815301076,1909f56bfc062723c751e8b465ee728b)  -> (artifact id: '710d64ac116a7cc023d12dc948221657') in 0.008341 seconds
  Import took 0.011373 seconds .

========================================================================
Received Import Request.
  Time since last request: 0.000352 seconds.
  path: Assets/Prefab
  artifactKey: Guid(bb61cebc77105b846b597a74a8c0ba14) Importer(815301076,1909f56bfc062723c751e8b465ee728b)
Start importing Assets/Prefab using Guid(bb61cebc77105b846b597a74a8c0ba14) Importer(815301076,1909f56bfc062723c751e8b465ee728b)  -> (artifact id: '710d64ac116a7cc023d12dc948221657') in 0.001842 seconds
  Import took 0.004430 seconds .

========================================================================
Received Import Request.
  Time since last request: 41.391419 seconds.
  path: Assets/Macro/Bullet.asset
  artifactKey: Guid(ec6c8510623ceec4780665df7c6d7457) Importer(815301076,1909f56bfc062723c751e8b465ee728b)
Start importing Assets/Macro/Bullet.asset using Guid(ec6c8510623ceec4780665df7c6d7457) Importer(815301076,1909f56bfc062723c751e8b465ee728b)  -> (artifact id: 'dcc52099a5a5bfc2ac201a8c67603e7f') in 0.350077 seconds
  Import took 0.353876 seconds .

========================================================================
Received Import Request.
  Time since last request: 0.000349 seconds.
  path: Assets/Macro/PlayerMacro.asset
  artifactKey: Guid(20a1cb4456829dd47a14f9ded13e7d02) Importer(815301076,1909f56bfc062723c751e8b465ee728b)
Start importing Assets/Macro/PlayerMacro.asset using Guid(20a1cb4456829dd47a14f9ded13e7d02) Importer(815301076,1909f56bfc062723c751e8b465ee728b)  -> (artifact id: 'c26e7e3e3c6efa1861dbaa52704a8ebf') in 0.101749 seconds
  Import took 0.105004 seconds .

========================================================================
Received Prepare
Registering precompiled user dll's ...
Registered in 0.005340 seconds.
Begin MonoManager ReloadAssembly
Native extension for WindowsStandalone target not found
Refreshing native plugins compatible for Editor in 0.55 ms, found 2 plugins.
Preloading 0 native plugins for Editor in 0.00 ms.
Invoked RoslynAnalysisRunner static constructor.
RoslynAnalysisRunner will not be running.
RoslynAnalysisRunner has terminated.
Mono: successfully reloaded assembly
- Completed reload, in  0.814 seconds
Platform modules already initialized, skipping
Refreshing native plugins compatible for Editor in 0.56 ms, found 2 plugins.
Preloading 0 native plugins for Editor in 0.00 ms.
Unloading 1776 Unused Serialized files (Serialized files now loaded: 0)
System memory in use before: 91.6 MB.
System memory in use after: 91.7 MB.

Unloading 24 unused Assets to reduce memory usage. Loaded Objects now: 2348.
Total: 2.976000 ms (FindLiveObjects: 0.332200 ms CreateObjectMapping: 0.077300 ms MarkObjects: 2.538200 ms  DeleteObjects: 0.026200 ms)

AssetImportWorkerClient::OnTransportError - code=2 error=End of file
